                                      1 ;--------------------------------------------------------
                                      2 ; File Created by SDCC : free open source ANSI-C Compiler
                                      3 ; Version 4.2.0 #13081 (MINGW64)
                                      4 ;--------------------------------------------------------
                                      5 	.module main
                                      6 	.optsdcc -mmcs51 --model-small
                                      7 	
                                      8 ;--------------------------------------------------------
                                      9 ; Public variables in this module
                                     10 ;--------------------------------------------------------
                                     11 	.globl _main
                                     12 	.globl _Keypad4x4
                                     13 	.globl _LED_Display
                                     14 	.globl _CY
                                     15 	.globl _AC
                                     16 	.globl _F0
                                     17 	.globl _RS1
                                     18 	.globl _RS0
                                     19 	.globl _OV
                                     20 	.globl _F1
                                     21 	.globl _P
                                     22 	.globl _PS
                                     23 	.globl _PT1
                                     24 	.globl _PX1
                                     25 	.globl _PT0
                                     26 	.globl _PX0
                                     27 	.globl _RD
                                     28 	.globl _WR
                                     29 	.globl _T1
                                     30 	.globl _T0
                                     31 	.globl _INT1
                                     32 	.globl _INT0
                                     33 	.globl _TXD
                                     34 	.globl _RXD
                                     35 	.globl _P3_7
                                     36 	.globl _P3_6
                                     37 	.globl _P3_5
                                     38 	.globl _P3_4
                                     39 	.globl _P3_3
                                     40 	.globl _P3_2
                                     41 	.globl _P3_1
                                     42 	.globl _P3_0
                                     43 	.globl _EA
                                     44 	.globl _ES
                                     45 	.globl _ET1
                                     46 	.globl _EX1
                                     47 	.globl _ET0
                                     48 	.globl _EX0
                                     49 	.globl _P2_7
                                     50 	.globl _P2_6
                                     51 	.globl _P2_5
                                     52 	.globl _P2_4
                                     53 	.globl _P2_3
                                     54 	.globl _P2_2
                                     55 	.globl _P2_1
                                     56 	.globl _P2_0
                                     57 	.globl _SM0
                                     58 	.globl _SM1
                                     59 	.globl _SM2
                                     60 	.globl _REN
                                     61 	.globl _TB8
                                     62 	.globl _RB8
                                     63 	.globl _TI
                                     64 	.globl _RI
                                     65 	.globl _P1_7
                                     66 	.globl _P1_6
                                     67 	.globl _P1_5
                                     68 	.globl _P1_4
                                     69 	.globl _P1_3
                                     70 	.globl _P1_2
                                     71 	.globl _P1_1
                                     72 	.globl _P1_0
                                     73 	.globl _TF1
                                     74 	.globl _TR1
                                     75 	.globl _TF0
                                     76 	.globl _TR0
                                     77 	.globl _IE1
                                     78 	.globl _IT1
                                     79 	.globl _IE0
                                     80 	.globl _IT0
                                     81 	.globl _P0_7
                                     82 	.globl _P0_6
                                     83 	.globl _P0_5
                                     84 	.globl _P0_4
                                     85 	.globl _P0_3
                                     86 	.globl _P0_2
                                     87 	.globl _P0_1
                                     88 	.globl _P0_0
                                     89 	.globl _B
                                     90 	.globl _ACC
                                     91 	.globl _PSW
                                     92 	.globl _IP
                                     93 	.globl _P3
                                     94 	.globl _IE
                                     95 	.globl _P2
                                     96 	.globl _SBUF
                                     97 	.globl _SCON
                                     98 	.globl _P1
                                     99 	.globl _TH1
                                    100 	.globl _TH0
                                    101 	.globl _TL1
                                    102 	.globl _TL0
                                    103 	.globl _TMOD
                                    104 	.globl _TCON
                                    105 	.globl _PCON
                                    106 	.globl _DPH
                                    107 	.globl _DPL
                                    108 	.globl _SP
                                    109 	.globl _P0
                                    110 ;--------------------------------------------------------
                                    111 ; special function registers
                                    112 ;--------------------------------------------------------
                                    113 	.area RSEG    (ABS,DATA)
      000000                        114 	.org 0x0000
                           000080   115 _P0	=	0x0080
                           000081   116 _SP	=	0x0081
                           000082   117 _DPL	=	0x0082
                           000083   118 _DPH	=	0x0083
                           000087   119 _PCON	=	0x0087
                           000088   120 _TCON	=	0x0088
                           000089   121 _TMOD	=	0x0089
                           00008A   122 _TL0	=	0x008a
                           00008B   123 _TL1	=	0x008b
                           00008C   124 _TH0	=	0x008c
                           00008D   125 _TH1	=	0x008d
                           000090   126 _P1	=	0x0090
                           000098   127 _SCON	=	0x0098
                           000099   128 _SBUF	=	0x0099
                           0000A0   129 _P2	=	0x00a0
                           0000A8   130 _IE	=	0x00a8
                           0000B0   131 _P3	=	0x00b0
                           0000B8   132 _IP	=	0x00b8
                           0000D0   133 _PSW	=	0x00d0
                           0000E0   134 _ACC	=	0x00e0
                           0000F0   135 _B	=	0x00f0
                                    136 ;--------------------------------------------------------
                                    137 ; special function bits
                                    138 ;--------------------------------------------------------
                                    139 	.area RSEG    (ABS,DATA)
      000000                        140 	.org 0x0000
                           000080   141 _P0_0	=	0x0080
                           000081   142 _P0_1	=	0x0081
                           000082   143 _P0_2	=	0x0082
                           000083   144 _P0_3	=	0x0083
                           000084   145 _P0_4	=	0x0084
                           000085   146 _P0_5	=	0x0085
                           000086   147 _P0_6	=	0x0086
                           000087   148 _P0_7	=	0x0087
                           000088   149 _IT0	=	0x0088
                           000089   150 _IE0	=	0x0089
                           00008A   151 _IT1	=	0x008a
                           00008B   152 _IE1	=	0x008b
                           00008C   153 _TR0	=	0x008c
                           00008D   154 _TF0	=	0x008d
                           00008E   155 _TR1	=	0x008e
                           00008F   156 _TF1	=	0x008f
                           000090   157 _P1_0	=	0x0090
                           000091   158 _P1_1	=	0x0091
                           000092   159 _P1_2	=	0x0092
                           000093   160 _P1_3	=	0x0093
                           000094   161 _P1_4	=	0x0094
                           000095   162 _P1_5	=	0x0095
                           000096   163 _P1_6	=	0x0096
                           000097   164 _P1_7	=	0x0097
                           000098   165 _RI	=	0x0098
                           000099   166 _TI	=	0x0099
                           00009A   167 _RB8	=	0x009a
                           00009B   168 _TB8	=	0x009b
                           00009C   169 _REN	=	0x009c
                           00009D   170 _SM2	=	0x009d
                           00009E   171 _SM1	=	0x009e
                           00009F   172 _SM0	=	0x009f
                           0000A0   173 _P2_0	=	0x00a0
                           0000A1   174 _P2_1	=	0x00a1
                           0000A2   175 _P2_2	=	0x00a2
                           0000A3   176 _P2_3	=	0x00a3
                           0000A4   177 _P2_4	=	0x00a4
                           0000A5   178 _P2_5	=	0x00a5
                           0000A6   179 _P2_6	=	0x00a6
                           0000A7   180 _P2_7	=	0x00a7
                           0000A8   181 _EX0	=	0x00a8
                           0000A9   182 _ET0	=	0x00a9
                           0000AA   183 _EX1	=	0x00aa
                           0000AB   184 _ET1	=	0x00ab
                           0000AC   185 _ES	=	0x00ac
                           0000AF   186 _EA	=	0x00af
                           0000B0   187 _P3_0	=	0x00b0
                           0000B1   188 _P3_1	=	0x00b1
                           0000B2   189 _P3_2	=	0x00b2
                           0000B3   190 _P3_3	=	0x00b3
                           0000B4   191 _P3_4	=	0x00b4
                           0000B5   192 _P3_5	=	0x00b5
                           0000B6   193 _P3_6	=	0x00b6
                           0000B7   194 _P3_7	=	0x00b7
                           0000B0   195 _RXD	=	0x00b0
                           0000B1   196 _TXD	=	0x00b1
                           0000B2   197 _INT0	=	0x00b2
                           0000B3   198 _INT1	=	0x00b3
                           0000B4   199 _T0	=	0x00b4
                           0000B5   200 _T1	=	0x00b5
                           0000B6   201 _WR	=	0x00b6
                           0000B7   202 _RD	=	0x00b7
                           0000B8   203 _PX0	=	0x00b8
                           0000B9   204 _PT0	=	0x00b9
                           0000BA   205 _PX1	=	0x00ba
                           0000BB   206 _PT1	=	0x00bb
                           0000BC   207 _PS	=	0x00bc
                           0000D0   208 _P	=	0x00d0
                           0000D1   209 _F1	=	0x00d1
                           0000D2   210 _OV	=	0x00d2
                           0000D3   211 _RS0	=	0x00d3
                           0000D4   212 _RS1	=	0x00d4
                           0000D5   213 _F0	=	0x00d5
                           0000D6   214 _AC	=	0x00d6
                           0000D7   215 _CY	=	0x00d7
                                    216 ;--------------------------------------------------------
                                    217 ; overlayable register banks
                                    218 ;--------------------------------------------------------
                                    219 	.area REG_BANK_0	(REL,OVR,DATA)
      000000                        220 	.ds 8
                                    221 ;--------------------------------------------------------
                                    222 ; internal ram data
                                    223 ;--------------------------------------------------------
                                    224 	.area DSEG    (DATA)
      000000                        225 _main_LED_65536_2:
      000000                        226 	.ds 2
                                    227 ;--------------------------------------------------------
                                    228 ; overlayable items in internal ram
                                    229 ;--------------------------------------------------------
                                    230 ;--------------------------------------------------------
                                    231 ; Stack segment in internal ram
                                    232 ;--------------------------------------------------------
                                    233 	.area	SSEG
      000000                        234 __start__stack:
      000000                        235 	.ds	1
                                    236 
                                    237 ;--------------------------------------------------------
                                    238 ; indirectly addressable internal ram data
                                    239 ;--------------------------------------------------------
                                    240 	.area ISEG    (DATA)
                                    241 ;--------------------------------------------------------
                                    242 ; absolute internal ram data
                                    243 ;--------------------------------------------------------
                                    244 	.area IABS    (ABS,DATA)
                                    245 	.area IABS    (ABS,DATA)
                                    246 ;--------------------------------------------------------
                                    247 ; bit data
                                    248 ;--------------------------------------------------------
                                    249 	.area BSEG    (BIT)
                                    250 ;--------------------------------------------------------
                                    251 ; paged external ram data
                                    252 ;--------------------------------------------------------
                                    253 	.area PSEG    (PAG,XDATA)
                                    254 ;--------------------------------------------------------
                                    255 ; external ram data
                                    256 ;--------------------------------------------------------
                                    257 	.area XSEG    (XDATA)
                                    258 ;--------------------------------------------------------
                                    259 ; absolute external ram data
                                    260 ;--------------------------------------------------------
                                    261 	.area XABS    (ABS,XDATA)
                                    262 ;--------------------------------------------------------
                                    263 ; external initialized ram data
                                    264 ;--------------------------------------------------------
                                    265 	.area XISEG   (XDATA)
                                    266 	.area HOME    (CODE)
                                    267 	.area GSINIT0 (CODE)
                                    268 	.area GSINIT1 (CODE)
                                    269 	.area GSINIT2 (CODE)
                                    270 	.area GSINIT3 (CODE)
                                    271 	.area GSINIT4 (CODE)
                                    272 	.area GSINIT5 (CODE)
                                    273 	.area GSINIT  (CODE)
                                    274 	.area GSFINAL (CODE)
                                    275 	.area CSEG    (CODE)
                                    276 ;--------------------------------------------------------
                                    277 ; interrupt vector
                                    278 ;--------------------------------------------------------
                                    279 	.area HOME    (CODE)
      000000                        280 __interrupt_vect:
      000000 02r00r00         [24]  281 	ljmp	__sdcc_gsinit_startup
                                    282 ;--------------------------------------------------------
                                    283 ; global & static initialisations
                                    284 ;--------------------------------------------------------
                                    285 	.area HOME    (CODE)
                                    286 	.area GSINIT  (CODE)
                                    287 	.area GSFINAL (CODE)
                                    288 	.area GSINIT  (CODE)
                                    289 	.globl __sdcc_gsinit_startup
                                    290 	.globl __sdcc_program_startup
                                    291 	.globl __start__stack
                                    292 	.globl __mcs51_genXINIT
                                    293 	.globl __mcs51_genXRAMCLEAR
                                    294 	.globl __mcs51_genRAMCLEAR
                                    295 	.area GSFINAL (CODE)
      000000 02r00r03         [24]  296 	ljmp	__sdcc_program_startup
                                    297 ;--------------------------------------------------------
                                    298 ; Home
                                    299 ;--------------------------------------------------------
                                    300 	.area HOME    (CODE)
                                    301 	.area HOME    (CODE)
      000003                        302 __sdcc_program_startup:
      000003 02r00r00         [24]  303 	ljmp	_main
                                    304 ;	return from main will return to caller
                                    305 ;--------------------------------------------------------
                                    306 ; code
                                    307 ;--------------------------------------------------------
                                    308 	.area CSEG    (CODE)
                                    309 ;------------------------------------------------------------
                                    310 ;Allocation info for local variables in function 'main'
                                    311 ;------------------------------------------------------------
                                    312 ;oldKey                    Allocated to registers r7 
                                    313 ;key                       Allocated to registers 
                                    314 ;LED                       Allocated with name '_main_LED_65536_2'
                                    315 ;i                         Allocated to registers r5 r6 
                                    316 ;j                         Allocated to registers r3 r4 
                                    317 ;key                       Allocated to registers 
                                    318 ;------------------------------------------------------------
                                    319 ;	main.c:5: void main() {
                                    320 ;	-----------------------------------------
                                    321 ;	 function main
                                    322 ;	-----------------------------------------
      000000                        323 _main:
                           000007   324 	ar7 = 0x07
                           000006   325 	ar6 = 0x06
                           000005   326 	ar5 = 0x05
                           000004   327 	ar4 = 0x04
                           000003   328 	ar3 = 0x03
                           000002   329 	ar2 = 0x02
                           000001   330 	ar1 = 0x01
                           000000   331 	ar0 = 0x00
                                    332 ;	main.c:6: char oldKey = 17,key = 17;
      000000 7F 11            [12]  333 	mov	r7,#0x11
                                    334 ;	main.c:7: LED_Display_struct LED = {0xf, 0xf, 0xf, 0xf}; //四位初始設定為f
      000002 78r00            [12]  335 	mov	r0,#_main_LED_65536_2
      000004 E6               [12]  336 	mov	a,@r0
      000005 44 FF            [12]  337 	orl	a,#0x0f|0xf0
      000007 F6               [12]  338 	mov	@r0,a
      000008 78r01            [12]  339 	mov	r0,#(_main_LED_65536_2 + 0x0001)
      00000A E6               [12]  340 	mov	a,@r0
      00000B 44 FF            [12]  341 	orl	a,#0x0f|0xf0
      00000D F6               [12]  342 	mov	@r0,a
                                    343 ;	main.c:12: DELAY(100,10)
      00000E                        344 00117$:
      00000E 7D 00            [12]  345 	mov	r5,#0x00
      000010 7E 00            [12]  346 	mov	r6,#0x00
      000012                        347 00110$:
      000012 C3               [12]  348 	clr	c
      000013 ED               [12]  349 	mov	a,r5
      000014 94 64            [12]  350 	subb	a,#0x64
      000016 EE               [12]  351 	mov	a,r6
      000017 64 80            [12]  352 	xrl	a,#0x80
      000019 94 80            [12]  353 	subb	a,#0x80
      00001B 50 1D            [24]  354 	jnc	00102$
      00001D 7B 00            [12]  355 	mov	r3,#0x00
      00001F 7C 00            [12]  356 	mov	r4,#0x00
      000021                        357 00107$:
      000021 C3               [12]  358 	clr	c
      000022 EB               [12]  359 	mov	a,r3
      000023 94 0A            [12]  360 	subb	a,#0x0a
      000025 EC               [12]  361 	mov	a,r4
      000026 64 80            [12]  362 	xrl	a,#0x80
      000028 94 80            [12]  363 	subb	a,#0x80
      00002A 50 07            [24]  364 	jnc	00111$
      00002C 0B               [12]  365 	inc	r3
      00002D BB 00 F1         [24]  366 	cjne	r3,#0x00,00107$
      000030 0C               [12]  367 	inc	r4
      000031 80 EE            [24]  368 	sjmp	00107$
      000033                        369 00111$:
      000033 0D               [12]  370 	inc	r5
      000034 BD 00 DB         [24]  371 	cjne	r5,#0x00,00110$
      000037 0E               [12]  372 	inc	r6
      000038 80 D8            [24]  373 	sjmp	00110$
      00003A                        374 00102$:
                                    375 ;	main.c:13: int key =  Keypad4x4();
      00003A C0 07            [24]  376 	push	ar7
      00003C 12r00r00         [24]  377 	lcall	_Keypad4x4
      00003F AE 82            [24]  378 	mov	r6,dpl
      000041 D0 07            [24]  379 	pop	ar7
                                    380 ;	main.c:15: LED_Display(&LED, oldKey, key);
      000043 8F*00            [24]  381 	mov	_LED_Display_PARM_2,r7
      000045 8E*00            [24]  382 	mov	_LED_Display_PARM_3,r6
      000047 90r00r00         [24]  383 	mov	dptr,#_main_LED_65536_2
      00004A 75 F0 40         [24]  384 	mov	b,#0x40
      00004D C0 06            [24]  385 	push	ar6
      00004F 12r00r00         [24]  386 	lcall	_LED_Display
      000052 D0 06            [24]  387 	pop	ar6
                                    388 ;	main.c:18: oldKey = key;
      000054 8E 07            [24]  389 	mov	ar7,r6
                                    390 ;	main.c:21: }
      000056 80 B6            [24]  391 	sjmp	00117$
                                    392 	.area CSEG    (CODE)
                                    393 	.area CONST   (CODE)
                                    394 	.area XINIT   (CODE)
                                    395 	.area CABS    (ABS,CODE)
